<?xml version="1.0" encoding="UTF-8"?>
<testng-results skipped="0" failed="0" ignored="0" total="1" passed="1">
  <reporter-output>
  </reporter-output>
  <suite name="Suite" duration-ms="12358" started-at="2021-07-03T12:06:00 IST" finished-at="2021-07-03T12:06:12 IST">
    <groups>
    </groups>
    <test name="Test" duration-ms="12358" started-at="2021-07-03T12:06:00 IST" finished-at="2021-07-03T12:06:12 IST">
      <class name="com.git.pushCodeTest.LaunchChromeBrowser">
        <test-method status="PASS" signature="launchChromeTest()[pri:0, instance:com.git.pushCodeTest.LaunchChromeBrowser@e63ade]" name="launchChromeTest" duration-ms="12278" started-at="2021-07-03T12:06:00 IST" finished-at="2021-07-03T12:06:12 IST">
          <reporter-output>
          </reporter-output>
        </test-method> <!-- launchChromeTest -->
      </class> <!-- com.git.pushCodeTest.LaunchChromeBrowser -->
    </test> <!-- Test -->
  </suite> <!-- Suite -->
</testng-results>
